/isg/shared/apps/quast/5.2.0/quast.py -t 12 --split-scaffolds --large -o /home/FCAM/msmith/quast_out/1_2 /core/projects/EBP/smith/scaffold/intDF011_scaffolds_final.fa

Version: 5.2.0, 3d87c606

System information:
  OS: Linux-3.10.0-1062.12.1.el7.x86_64-x86_64-with-glibc2.17 (linux_64)
  Python version: 3.8.1
  CPUs number: 36

Started: 2025-02-13 13:41:56

Logging to /home/FCAM/msmith/quast_out/1_2/quast.log
NOTICE: Output directory already exists and looks like a QUAST output dir. Existing results can be reused (e.g. previously generated alignments)!

CWD: /home/FCAM/msmith/scripts
Main parameters: 
  MODE: large, threads: 12, eukaryotic: true, split scaffolds: true, min contig length: 3000, \
  min alignment length: 500, min alignment IDY: 95.0, ambiguity: one, min local misassembly length: 200, \
  min extensive misassembly length: 7000

WARNING: Can't draw plots: python-matplotlib is missing or corrupted.

Contigs:
  Pre-processing...
  /core/projects/EBP/smith/scaffold/intDF011_scaffolds_final.fa ==> intDF011_scaffolds_final
    breaking scaffolds into contigs:
      12931 scaffolds (intDF011_scaffolds_final) were broken into 15329 contigs (intDF011_scaffolds_final_broken)

2025-02-13 14:02:19
Running Basic statistics processor...
  Contig files: 
    1  intDF011_scaffolds_final
    2  intDF011_scaffolds_final_broken
  Calculating N50 and L50...
    1  intDF011_scaffolds_final, N50 = 1000256394, L50 = 7, auN = 1028507759.1, Total length = 16633703791, GC % = 38.09, # N's per 100 kbp =  1.44
    2  intDF011_scaffolds_final_broken, N50 = 9991549, L50 = 446, auN = 13981613.1, Total length = 16633463991, GC % = 38.09, # N's per 100 kbp =  0.00
Done.

NOTICE: Genes are not predicted by default. Use --gene-finding or --glimmer option to enable it.

2025-02-13 14:22:00
Creating large visual summaries...
This may take a while: press Ctrl-C to skip this step..
  1 of 1: Creating Icarus viewers...
Done

2025-02-13 14:26:12
RESULTS:
  Text versions of total report are saved to /home/FCAM/msmith/quast_out/1_2/report.txt, report.tsv, and report.tex
  Text versions of transposed total report are saved to /home/FCAM/msmith/quast_out/1_2/transposed_report.txt, transposed_report.tsv, and transposed_report.tex
  HTML version (interactive tables and plots) is saved to /home/FCAM/msmith/quast_out/1_2/report.html
  Icarus (contig browser) is saved to /home/FCAM/msmith/quast_out/1_2/icarus.html
  Log is saved to /home/FCAM/msmith/quast_out/1_2/quast.log

Finished: 2025-02-13 14:26:16
Elapsed time: 0:44:19.873996
NOTICEs: 2; WARNINGs: 1; non-fatal ERRORs: 0

Thank you for using QUAST!
